CRITICAL - 2023-04-05 01:17:31 --> Too few arguments to function CodeIgniter\View\View::section(), 0 passed in /opt/htdocs/projeto2/app/Views/welcome.php on line 10 and exactly 1 expected
in SYSTEMPATH/View/View.php on line 375.
 1 APPPATH/Views/welcome.php(10): CodeIgniter\View\View->section()
 2 SYSTEMPATH/View/View.php(213): include('APPPATH/Views/welcome.php')
 3 SYSTEMPATH/View/View.php(216): CodeIgniter\View\View->CodeIgniter\View\{closure}()
 4 SYSTEMPATH/Common.php(1177): CodeIgniter\View\View->render('welcome', [], true)
 5 APPPATH/Controllers/Home.php(9): view('welcome')
 6 SYSTEMPATH/CodeIgniter.php(934): App\Controllers\Home->index()
 7 SYSTEMPATH/CodeIgniter.php(499): CodeIgniter\CodeIgniter->runController(Object(App\Controllers\Home))
 8 SYSTEMPATH/CodeIgniter.php(368): CodeIgniter\CodeIgniter->handleRequest(null, Object(Config\Cache), false)
 9 FCPATH/index.php(67): CodeIgniter\CodeIgniter->run()
CRITICAL - 2023-04-05 01:17:31 --> Too few arguments to function CodeIgniter\View\View::section(), 0 passed in /opt/htdocs/projeto2/app/Views/welcome.php on line 10 and exactly 1 expected
in SYSTEMPATH/View/View.php on line 375.
 1 APPPATH/Views/welcome.php(10): CodeIgniter\View\View->section()
 2 SYSTEMPATH/View/View.php(213): include('APPPATH/Views/welcome.php')
 3 SYSTEMPATH/View/View.php(216): CodeIgniter\View\View->CodeIgniter\View\{closure}()
 4 SYSTEMPATH/Common.php(1177): CodeIgniter\View\View->render('welcome', [], true)
 5 APPPATH/Controllers/Home.php(9): view('welcome')
 6 SYSTEMPATH/CodeIgniter.php(934): App\Controllers\Home->index()
 7 SYSTEMPATH/CodeIgniter.php(499): CodeIgniter\CodeIgniter->runController(Object(App\Controllers\Home))
 8 SYSTEMPATH/CodeIgniter.php(368): CodeIgniter\CodeIgniter->handleRequest(null, Object(Config\Cache), false)
 9 FCPATH/index.php(67): CodeIgniter\CodeIgniter->run()
CRITICAL - 2023-04-05 01:17:31 --> Too few arguments to function CodeIgniter\View\View::section(), 0 passed in /opt/htdocs/projeto2/app/Views/welcome.php on line 10 and exactly 1 expected
in SYSTEMPATH/View/View.php on line 375.
 1 APPPATH/Views/welcome.php(10): CodeIgniter\View\View->section()
 2 SYSTEMPATH/View/View.php(213): include('APPPATH/Views/welcome.php')
 3 SYSTEMPATH/View/View.php(216): CodeIgniter\View\View->CodeIgniter\View\{closure}()
 4 SYSTEMPATH/Common.php(1177): CodeIgniter\View\View->render('welcome', [], true)
 5 APPPATH/Controllers/Home.php(9): view('welcome')
 6 SYSTEMPATH/CodeIgniter.php(934): App\Controllers\Home->index()
 7 SYSTEMPATH/CodeIgniter.php(499): CodeIgniter\CodeIgniter->runController(Object(App\Controllers\Home))
 8 SYSTEMPATH/CodeIgniter.php(368): CodeIgniter\CodeIgniter->handleRequest(null, Object(Config\Cache), false)
 9 FCPATH/index.php(67): CodeIgniter\CodeIgniter->run()
CRITICAL - 2023-04-05 01:17:31 --> Too few arguments to function CodeIgniter\View\View::section(), 0 passed in /opt/htdocs/projeto2/app/Views/welcome.php on line 10 and exactly 1 expected
in SYSTEMPATH/View/View.php on line 375.
 1 APPPATH/Views/welcome.php(10): CodeIgniter\View\View->section()
 2 SYSTEMPATH/View/View.php(213): include('APPPATH/Views/welcome.php')
 3 SYSTEMPATH/View/View.php(216): CodeIgniter\View\View->CodeIgniter\View\{closure}()
 4 SYSTEMPATH/Common.php(1177): CodeIgniter\View\View->render('welcome', [], true)
 5 APPPATH/Controllers/Home.php(9): view('welcome')
 6 SYSTEMPATH/CodeIgniter.php(934): App\Controllers\Home->index()
 7 SYSTEMPATH/CodeIgniter.php(499): CodeIgniter\CodeIgniter->runController(Object(App\Controllers\Home))
 8 SYSTEMPATH/CodeIgniter.php(368): CodeIgniter\CodeIgniter->handleRequest(null, Object(Config\Cache), false)
 9 FCPATH/index.php(67): CodeIgniter\CodeIgniter->run()
CRITICAL - 2023-04-05 01:17:31 --> Too few arguments to function CodeIgniter\View\View::section(), 0 passed in /opt/htdocs/projeto2/app/Views/welcome.php on line 10 and exactly 1 expected
in SYSTEMPATH/View/View.php on line 375.
 1 APPPATH/Views/welcome.php(10): CodeIgniter\View\View->section()
 2 SYSTEMPATH/View/View.php(213): include('APPPATH/Views/welcome.php')
 3 SYSTEMPATH/View/View.php(216): CodeIgniter\View\View->CodeIgniter\View\{closure}()
 4 SYSTEMPATH/Common.php(1177): CodeIgniter\View\View->render('welcome', [], true)
 5 APPPATH/Controllers/Home.php(9): view('welcome')
 6 SYSTEMPATH/CodeIgniter.php(934): App\Controllers\Home->index()
 7 SYSTEMPATH/CodeIgniter.php(499): CodeIgniter\CodeIgniter->runController(Object(App\Controllers\Home))
 8 SYSTEMPATH/CodeIgniter.php(368): CodeIgniter\CodeIgniter->handleRequest(null, Object(Config\Cache), false)
 9 FCPATH/index.php(67): CodeIgniter\CodeIgniter->run()
CRITICAL - 2023-04-05 01:17:43 --> Too few arguments to function CodeIgniter\View\View::section(), 0 passed in /opt/htdocs/projeto2/app/Views/welcome.php on line 10 and exactly 1 expected
in SYSTEMPATH/View/View.php on line 375.
 1 APPPATH/Views/welcome.php(10): CodeIgniter\View\View->section()
 2 SYSTEMPATH/View/View.php(213): include('APPPATH/Views/welcome.php')
 3 SYSTEMPATH/View/View.php(216): CodeIgniter\View\View->CodeIgniter\View\{closure}()
 4 SYSTEMPATH/Common.php(1177): CodeIgniter\View\View->render('welcome', [], true)
 5 APPPATH/Controllers/Home.php(9): view('welcome')
 6 SYSTEMPATH/CodeIgniter.php(934): App\Controllers\Home->index()
 7 SYSTEMPATH/CodeIgniter.php(499): CodeIgniter\CodeIgniter->runController(Object(App\Controllers\Home))
 8 SYSTEMPATH/CodeIgniter.php(368): CodeIgniter\CodeIgniter->handleRequest(null, Object(Config\Cache), false)
 9 FCPATH/index.php(67): CodeIgniter\CodeIgniter->run()
CRITICAL - 2023-04-05 01:17:43 --> Too few arguments to function CodeIgniter\View\View::section(), 0 passed in /opt/htdocs/projeto2/app/Views/welcome.php on line 10 and exactly 1 expected
in SYSTEMPATH/View/View.php on line 375.
 1 APPPATH/Views/welcome.php(10): CodeIgniter\View\View->section()
 2 SYSTEMPATH/View/View.php(213): include('APPPATH/Views/welcome.php')
 3 SYSTEMPATH/View/View.php(216): CodeIgniter\View\View->CodeIgniter\View\{closure}()
 4 SYSTEMPATH/Common.php(1177): CodeIgniter\View\View->render('welcome', [], true)
 5 APPPATH/Controllers/Home.php(9): view('welcome')
 6 SYSTEMPATH/CodeIgniter.php(934): App\Controllers\Home->index()
 7 SYSTEMPATH/CodeIgniter.php(499): CodeIgniter\CodeIgniter->runController(Object(App\Controllers\Home))
 8 SYSTEMPATH/CodeIgniter.php(368): CodeIgniter\CodeIgniter->handleRequest(null, Object(Config\Cache), false)
 9 FCPATH/index.php(67): CodeIgniter\CodeIgniter->run()
CRITICAL - 2023-04-05 01:17:43 --> Too few arguments to function CodeIgniter\View\View::section(), 0 passed in /opt/htdocs/projeto2/app/Views/welcome.php on line 10 and exactly 1 expected
in SYSTEMPATH/View/View.php on line 375.
 1 APPPATH/Views/welcome.php(10): CodeIgniter\View\View->section()
 2 SYSTEMPATH/View/View.php(213): include('APPPATH/Views/welcome.php')
 3 SYSTEMPATH/View/View.php(216): CodeIgniter\View\View->CodeIgniter\View\{closure}()
 4 SYSTEMPATH/Common.php(1177): CodeIgniter\View\View->render('welcome', [], true)
 5 APPPATH/Controllers/Home.php(9): view('welcome')
 6 SYSTEMPATH/CodeIgniter.php(934): App\Controllers\Home->index()
 7 SYSTEMPATH/CodeIgniter.php(499): CodeIgniter\CodeIgniter->runController(Object(App\Controllers\Home))
 8 SYSTEMPATH/CodeIgniter.php(368): CodeIgniter\CodeIgniter->handleRequest(null, Object(Config\Cache), false)
 9 FCPATH/index.php(67): CodeIgniter\CodeIgniter->run()
CRITICAL - 2023-04-05 01:17:43 --> Too few arguments to function CodeIgniter\View\View::section(), 0 passed in /opt/htdocs/projeto2/app/Views/welcome.php on line 10 and exactly 1 expected
in SYSTEMPATH/View/View.php on line 375.
 1 APPPATH/Views/welcome.php(10): CodeIgniter\View\View->section()
 2 SYSTEMPATH/View/View.php(213): include('APPPATH/Views/welcome.php')
 3 SYSTEMPATH/View/View.php(216): CodeIgniter\View\View->CodeIgniter\View\{closure}()
 4 SYSTEMPATH/Common.php(1177): CodeIgniter\View\View->render('welcome', [], true)
 5 APPPATH/Controllers/Home.php(9): view('welcome')
 6 SYSTEMPATH/CodeIgniter.php(934): App\Controllers\Home->index()
 7 SYSTEMPATH/CodeIgniter.php(499): CodeIgniter\CodeIgniter->runController(Object(App\Controllers\Home))
 8 SYSTEMPATH/CodeIgniter.php(368): CodeIgniter\CodeIgniter->handleRequest(null, Object(Config\Cache), false)
 9 FCPATH/index.php(67): CodeIgniter\CodeIgniter->run()
CRITICAL - 2023-04-05 01:17:43 --> Too few arguments to function CodeIgniter\View\View::section(), 0 passed in /opt/htdocs/projeto2/app/Views/welcome.php on line 10 and exactly 1 expected
in SYSTEMPATH/View/View.php on line 375.
 1 APPPATH/Views/welcome.php(10): CodeIgniter\View\View->section()
 2 SYSTEMPATH/View/View.php(213): include('APPPATH/Views/welcome.php')
 3 SYSTEMPATH/View/View.php(216): CodeIgniter\View\View->CodeIgniter\View\{closure}()
 4 SYSTEMPATH/Common.php(1177): CodeIgniter\View\View->render('welcome', [], true)
 5 APPPATH/Controllers/Home.php(9): view('welcome')
 6 SYSTEMPATH/CodeIgniter.php(934): App\Controllers\Home->index()
 7 SYSTEMPATH/CodeIgniter.php(499): CodeIgniter\CodeIgniter->runController(Object(App\Controllers\Home))
 8 SYSTEMPATH/CodeIgniter.php(368): CodeIgniter\CodeIgniter->handleRequest(null, Object(Config\Cache), false)
 9 FCPATH/index.php(67): CodeIgniter\CodeIgniter->run()
CRITICAL - 2023-04-05 01:17:45 --> Too few arguments to function CodeIgniter\View\View::section(), 0 passed in /opt/htdocs/projeto2/app/Views/welcome.php on line 10 and exactly 1 expected
in SYSTEMPATH/View/View.php on line 375.
 1 APPPATH/Views/welcome.php(10): CodeIgniter\View\View->section()
 2 SYSTEMPATH/View/View.php(213): include('APPPATH/Views/welcome.php')
 3 SYSTEMPATH/View/View.php(216): CodeIgniter\View\View->CodeIgniter\View\{closure}()
 4 SYSTEMPATH/Common.php(1177): CodeIgniter\View\View->render('welcome', [], true)
 5 APPPATH/Controllers/Home.php(9): view('welcome')
 6 SYSTEMPATH/CodeIgniter.php(934): App\Controllers\Home->index()
 7 SYSTEMPATH/CodeIgniter.php(499): CodeIgniter\CodeIgniter->runController(Object(App\Controllers\Home))
 8 SYSTEMPATH/CodeIgniter.php(368): CodeIgniter\CodeIgniter->handleRequest(null, Object(Config\Cache), false)
 9 FCPATH/index.php(67): CodeIgniter\CodeIgniter->run()
CRITICAL - 2023-04-05 01:17:45 --> Too few arguments to function CodeIgniter\View\View::section(), 0 passed in /opt/htdocs/projeto2/app/Views/welcome.php on line 10 and exactly 1 expected
in SYSTEMPATH/View/View.php on line 375.
 1 APPPATH/Views/welcome.php(10): CodeIgniter\View\View->section()
 2 SYSTEMPATH/View/View.php(213): include('APPPATH/Views/welcome.php')
 3 SYSTEMPATH/View/View.php(216): CodeIgniter\View\View->CodeIgniter\View\{closure}()
 4 SYSTEMPATH/Common.php(1177): CodeIgniter\View\View->render('welcome', [], true)
 5 APPPATH/Controllers/Home.php(9): view('welcome')
 6 SYSTEMPATH/CodeIgniter.php(934): App\Controllers\Home->index()
 7 SYSTEMPATH/CodeIgniter.php(499): CodeIgniter\CodeIgniter->runController(Object(App\Controllers\Home))
 8 SYSTEMPATH/CodeIgniter.php(368): CodeIgniter\CodeIgniter->handleRequest(null, Object(Config\Cache), false)
 9 FCPATH/index.php(67): CodeIgniter\CodeIgniter->run()
CRITICAL - 2023-04-05 01:17:45 --> Too few arguments to function CodeIgniter\View\View::section(), 0 passed in /opt/htdocs/projeto2/app/Views/welcome.php on line 10 and exactly 1 expected
in SYSTEMPATH/View/View.php on line 375.
 1 APPPATH/Views/welcome.php(10): CodeIgniter\View\View->section()
 2 SYSTEMPATH/View/View.php(213): include('APPPATH/Views/welcome.php')
 3 SYSTEMPATH/View/View.php(216): CodeIgniter\View\View->CodeIgniter\View\{closure}()
 4 SYSTEMPATH/Common.php(1177): CodeIgniter\View\View->render('welcome', [], true)
 5 APPPATH/Controllers/Home.php(9): view('welcome')
 6 SYSTEMPATH/CodeIgniter.php(934): App\Controllers\Home->index()
 7 SYSTEMPATH/CodeIgniter.php(499): CodeIgniter\CodeIgniter->runController(Object(App\Controllers\Home))
 8 SYSTEMPATH/CodeIgniter.php(368): CodeIgniter\CodeIgniter->handleRequest(null, Object(Config\Cache), false)
 9 FCPATH/index.php(67): CodeIgniter\CodeIgniter->run()
CRITICAL - 2023-04-05 01:17:46 --> Too few arguments to function CodeIgniter\View\View::section(), 0 passed in /opt/htdocs/projeto2/app/Views/welcome.php on line 10 and exactly 1 expected
in SYSTEMPATH/View/View.php on line 375.
 1 APPPATH/Views/welcome.php(10): CodeIgniter\View\View->section()
 2 SYSTEMPATH/View/View.php(213): include('APPPATH/Views/welcome.php')
 3 SYSTEMPATH/View/View.php(216): CodeIgniter\View\View->CodeIgniter\View\{closure}()
 4 SYSTEMPATH/Common.php(1177): CodeIgniter\View\View->render('welcome', [], true)
 5 APPPATH/Controllers/Home.php(9): view('welcome')
 6 SYSTEMPATH/CodeIgniter.php(934): App\Controllers\Home->index()
 7 SYSTEMPATH/CodeIgniter.php(499): CodeIgniter\CodeIgniter->runController(Object(App\Controllers\Home))
 8 SYSTEMPATH/CodeIgniter.php(368): CodeIgniter\CodeIgniter->handleRequest(null, Object(Config\Cache), false)
 9 FCPATH/index.php(67): CodeIgniter\CodeIgniter->run()
CRITICAL - 2023-04-05 01:17:46 --> Too few arguments to function CodeIgniter\View\View::section(), 0 passed in /opt/htdocs/projeto2/app/Views/welcome.php on line 10 and exactly 1 expected
in SYSTEMPATH/View/View.php on line 375.
 1 APPPATH/Views/welcome.php(10): CodeIgniter\View\View->section()
 2 SYSTEMPATH/View/View.php(213): include('APPPATH/Views/welcome.php')
 3 SYSTEMPATH/View/View.php(216): CodeIgniter\View\View->CodeIgniter\View\{closure}()
 4 SYSTEMPATH/Common.php(1177): CodeIgniter\View\View->render('welcome', [], true)
 5 APPPATH/Controllers/Home.php(9): view('welcome')
 6 SYSTEMPATH/CodeIgniter.php(934): App\Controllers\Home->index()
 7 SYSTEMPATH/CodeIgniter.php(499): CodeIgniter\CodeIgniter->runController(Object(App\Controllers\Home))
 8 SYSTEMPATH/CodeIgniter.php(368): CodeIgniter\CodeIgniter->handleRequest(null, Object(Config\Cache), false)
 9 FCPATH/index.php(67): CodeIgniter\CodeIgniter->run()
CRITICAL - 2023-04-05 01:17:46 --> Too few arguments to function CodeIgniter\View\View::section(), 0 passed in /opt/htdocs/projeto2/app/Views/welcome.php on line 10 and exactly 1 expected
in SYSTEMPATH/View/View.php on line 375.
 1 APPPATH/Views/welcome.php(10): CodeIgniter\View\View->section()
 2 SYSTEMPATH/View/View.php(213): include('APPPATH/Views/welcome.php')
 3 SYSTEMPATH/View/View.php(216): CodeIgniter\View\View->CodeIgniter\View\{closure}()
 4 SYSTEMPATH/Common.php(1177): CodeIgniter\View\View->render('welcome', [], true)
 5 APPPATH/Controllers/Home.php(9): view('welcome')
 6 SYSTEMPATH/CodeIgniter.php(934): App\Controllers\Home->index()
 7 SYSTEMPATH/CodeIgniter.php(499): CodeIgniter\CodeIgniter->runController(Object(App\Controllers\Home))
 8 SYSTEMPATH/CodeIgniter.php(368): CodeIgniter\CodeIgniter->handleRequest(null, Object(Config\Cache), false)
 9 FCPATH/index.php(67): CodeIgniter\CodeIgniter->run()
CRITICAL - 2023-04-05 01:17:46 --> Too few arguments to function CodeIgniter\View\View::section(), 0 passed in /opt/htdocs/projeto2/app/Views/welcome.php on line 10 and exactly 1 expected
in SYSTEMPATH/View/View.php on line 375.
 1 APPPATH/Views/welcome.php(10): CodeIgniter\View\View->section()
 2 SYSTEMPATH/View/View.php(213): include('APPPATH/Views/welcome.php')
 3 SYSTEMPATH/View/View.php(216): CodeIgniter\View\View->CodeIgniter\View\{closure}()
 4 SYSTEMPATH/Common.php(1177): CodeIgniter\View\View->render('welcome', [], true)
 5 APPPATH/Controllers/Home.php(9): view('welcome')
 6 SYSTEMPATH/CodeIgniter.php(934): App\Controllers\Home->index()
 7 SYSTEMPATH/CodeIgniter.php(499): CodeIgniter\CodeIgniter->runController(Object(App\Controllers\Home))
 8 SYSTEMPATH/CodeIgniter.php(368): CodeIgniter\CodeIgniter->handleRequest(null, Object(Config\Cache), false)
 9 FCPATH/index.php(67): CodeIgniter\CodeIgniter->run()
